{"uuid":"1a2f7336-2121-423e-bd51-9b474f7e82ee","historyId":"8dd2c1e8889a6059c460e614acd210de","fullName":"com.sqrtest.ValidateSqrCommands.validateCommands","labels":[{"name":"package","value":"com.sqrtest.ValidateSqrCommands"},{"name":"testClass","value":"com.sqrtest.ValidateSqrCommands"},{"name":"testMethod","value":"validateCommands"},{"name":"parentSuite","value":"Default Suite"},{"name":"suite","value":"gitapis"},{"name":"subSuite","value":"com.sqrtest.ValidateSqrCommands"},{"name":"host","value":"IMCHLT078"},{"name":"thread","value":"5328@IMCHLT078.main(1)"}],"links":[],"name":"validateCommands","status":"skipped","statusDetails":{"known":false,"muted":false,"flaky":false,"message":"java.lang.ArrayIndexOutOfBoundsException: 2","trace":"java.lang.RuntimeException: java.lang.ArrayIndexOutOfBoundsException: 2\r\n\tat org.testng.internal.MethodInvocationHelper.invokeMethodNoCheckedException(MethodInvocationHelper.java:49)\r\n\tat org.testng.internal.MethodInvocationHelper.invokeDataProvider(MethodInvocationHelper.java:131)\r\n\tat org.testng.internal.Parameters.handleParameters(Parameters.java:706)\r\n\tat org.testng.internal.ParameterHandler.handleParameters(ParameterHandler.java:49)\r\n\tat org.testng.internal.ParameterHandler.createParameters(ParameterHandler.java:37)\r\n\tat org.testng.internal.Invoker.invokeTestMethods(Invoker.java:924)\r\n\tat org.testng.internal.TestMethodWorker.invokeTestMethods(TestMethodWorker.java:125)\r\n\tat org.testng.internal.TestMethodWorker.run(TestMethodWorker.java:109)\r\n\tat org.testng.TestRunner.privateRun(TestRunner.java:648)\r\n\tat org.testng.TestRunner.run(TestRunner.java:505)\r\n\tat org.testng.SuiteRunner.runTest(SuiteRunner.java:455)\r\n\tat org.testng.SuiteRunner.runSequentially(SuiteRunner.java:450)\r\n\tat org.testng.SuiteRunner.privateRun(SuiteRunner.java:415)\r\n\tat org.testng.SuiteRunner.run(SuiteRunner.java:364)\r\n\tat org.testng.SuiteRunnerWorker.runSuite(SuiteRunnerWorker.java:52)\r\n\tat org.testng.SuiteRunnerWorker.run(SuiteRunnerWorker.java:84)\r\n\tat org.testng.TestNG.runSuitesSequentially(TestNG.java:1208)\r\n\tat org.testng.TestNG.runSuitesLocally(TestNG.java:1137)\r\n\tat org.testng.TestNG.runSuites(TestNG.java:1049)\r\n\tat org.testng.TestNG.run(TestNG.java:1017)\r\n\tat org.testng.IDEARemoteTestNG.run(IDEARemoteTestNG.java:73)\r\n\tat org.testng.RemoteTestNGStarter.main(RemoteTestNGStarter.java:123)\r\nCaused by: java.lang.ArrayIndexOutOfBoundsException: 2\r\n\tat generic.utils.TestUtil.getData(TestUtil.java:90)\r\n\tat com.sqrtest.ValidateSqrCommands.getTestData(ValidateSqrCommands.java:23)\r\n\tat sun.reflect.NativeMethodAccessorImpl.invoke0(Native Method)\r\n\tat sun.reflect.NativeMethodAccessorImpl.invoke(NativeMethodAccessorImpl.java:62)\r\n\tat sun.reflect.DelegatingMethodAccessorImpl.invoke(DelegatingMethodAccessorImpl.java:43)\r\n\tat java.lang.reflect.Method.invoke(Method.java:498)\r\n\tat org.testng.internal.MethodInvocationHelper.invokeMethod(MethodInvocationHelper.java:124)\r\n\tat org.testng.internal.MethodInvocationHelper.invokeMethod(MethodInvocationHelper.java:74)\r\n\tat org.testng.internal.MethodInvocationHelper.invokeMethodNoCheckedException(MethodInvocationHelper.java:45)\r\n\t... 21 more\r\n"},"stage":"finished","start":1553679068114,"stop":1553679068122,"parameters":[]}